<?xml version="1.0" encoding="UTF-8"?>
<!-- Generated by org.testng.reporters.JUnitReportReporter -->
<testsuite skipped="0" hostname="Venkat" name="tests.Sample" tests="1" failures="0" timestamp="18 Feb 2018 17:29:49 GMT" time="45.512" errors="0">
  <testcase name="loadPage" time="45.512" classname="tests.Sample"/>
</testsuite> <!-- tests.Sample -->
